{"C:\\Users\\Alen_\\Documents\\Cursos\\Node\\07-RESTWeb\\src\\data\\postgres\\index.ts": {"path":"C:\\Users\\Alen_\\Documents\\Cursos\\Node\\07-RESTWeb\\src\\data\\postgres\\index.ts","all":false,"statementMap":{"0":{"start":{"line":1,"column":0},"end":{"line":1,"column":46}},"1":{"start":{"line":2,"column":0},"end":{"line":2,"column":0}},"2":{"start":{"line":3,"column":0},"end":{"line":3,"column":41}}},"s":{"0":1,"1":1,"2":1},"branchMap":{},"b":{},"fnMap":{},"f":{}}
,"C:\\Users\\Alen_\\Documents\\Cursos\\Node\\07-RESTWeb\\src\\domain\\index.ts": {"path":"C:\\Users\\Alen_\\Documents\\Cursos\\Node\\07-RESTWeb\\src\\domain\\index.ts","all":false,"statementMap":{"0":{"start":{"line":1,"column":0},"end":{"line":1,"column":45}},"1":{"start":{"line":2,"column":0},"end":{"line":2,"column":23}},"2":{"start":{"line":3,"column":0},"end":{"line":3,"column":38}},"3":{"start":{"line":4,"column":0},"end":{"line":4,"column":46}},"4":{"start":{"line":5,"column":0},"end":{"line":5,"column":31}},"5":{"start":{"line":6,"column":0},"end":{"line":6,"column":37}}},"s":{"0":1,"1":1,"2":1,"3":1,"4":1,"5":1},"branchMap":{},"b":{},"fnMap":{},"f":{}}
,"C:\\Users\\Alen_\\Documents\\Cursos\\Node\\07-RESTWeb\\src\\domain\\dtos\\all\\create-all.dto.ts": {"path":"C:\\Users\\Alen_\\Documents\\Cursos\\Node\\07-RESTWeb\\src\\domain\\dtos\\all\\create-all.dto.ts","all":false,"statementMap":{"0":{"start":{"line":1,"column":0},"end":{"line":1,"column":0}},"1":{"start":{"line":2,"column":0},"end":{"line":2,"column":27}},"2":{"start":{"line":3,"column":0},"end":{"line":3,"column":0}},"3":{"start":{"line":4,"column":0},"end":{"line":4,"column":24}},"4":{"start":{"line":5,"column":0},"end":{"line":5,"column":36}},"5":{"start":{"line":6,"column":0},"end":{"line":6,"column":7}},"6":{"start":{"line":7,"column":0},"end":{"line":7,"column":0}},"7":{"start":{"line":8,"column":0},"end":{"line":8,"column":73}},"8":{"start":{"line":9,"column":0},"end":{"line":9,"column":8}},"9":{"start":{"line":10,"column":0},"end":{"line":10,"column":31}},"10":{"start":{"line":11,"column":0},"end":{"line":11,"column":0}},"11":{"start":{"line":12,"column":0},"end":{"line":12,"column":87}},"12":{"start":{"line":13,"column":0},"end":{"line":13,"column":8}},"13":{"start":{"line":14,"column":0},"end":{"line":14,"column":51}},"14":{"start":{"line":15,"column":0},"end":{"line":15,"column":5}},"15":{"start":{"line":16,"column":0},"end":{"line":16,"column":1}}},"s":{"0":1,"1":1,"2":1,"3":1,"4":1,"5":1,"6":1,"7":1,"8":3,"9":3,"10":3,"11":3,"12":1,"13":1,"14":1,"15":1},"branchMap":{"0":{"type":"branch","line":4,"loc":{"start":{"line":4,"column":4},"end":{"line":6,"column":7}},"locations":[{"start":{"line":4,"column":4},"end":{"line":6,"column":7}}]},"1":{"type":"branch","line":8,"loc":{"start":{"line":8,"column":11},"end":{"line":15,"column":5}},"locations":[{"start":{"line":8,"column":11},"end":{"line":15,"column":5}}]},"2":{"type":"branch","line":12,"loc":{"start":{"line":12,"column":16},"end":{"line":12,"column":37}},"locations":[{"start":{"line":12,"column":16},"end":{"line":12,"column":37}}]},"3":{"type":"branch","line":12,"loc":{"start":{"line":12,"column":39},"end":{"line":12,"column":87}},"locations":[{"start":{"line":12,"column":39},"end":{"line":12,"column":87}}]},"4":{"type":"branch","line":13,"loc":{"start":{"line":13,"column":-2},"end":{"line":15,"column":5}},"locations":[{"start":{"line":13,"column":-2},"end":{"line":15,"column":5}}]}},"b":{"0":[1],"1":[3],"2":[1],"3":[2],"4":[1]},"fnMap":{"0":{"name":"CreateAllDto","decl":{"start":{"line":4,"column":4},"end":{"line":6,"column":7}},"loc":{"start":{"line":4,"column":4},"end":{"line":6,"column":7}},"line":4},"1":{"name":"create","decl":{"start":{"line":8,"column":11},"end":{"line":15,"column":5}},"loc":{"start":{"line":8,"column":11},"end":{"line":15,"column":5}},"line":8}},"f":{"0":1,"1":3}}
,"C:\\Users\\Alen_\\Documents\\Cursos\\Node\\07-RESTWeb\\src\\domain\\errors\\custom.error.ts": {"path":"C:\\Users\\Alen_\\Documents\\Cursos\\Node\\07-RESTWeb\\src\\domain\\errors\\custom.error.ts","all":false,"statementMap":{"0":{"start":{"line":1,"column":0},"end":{"line":1,"column":0}},"1":{"start":{"line":2,"column":0},"end":{"line":2,"column":40}},"2":{"start":{"line":3,"column":0},"end":{"line":3,"column":0}},"3":{"start":{"line":4,"column":0},"end":{"line":4,"column":16}},"4":{"start":{"line":5,"column":0},"end":{"line":5,"column":40}},"5":{"start":{"line":6,"column":0},"end":{"line":6,"column":48}},"6":{"start":{"line":7,"column":0},"end":{"line":7,"column":6}},"7":{"start":{"line":8,"column":0},"end":{"line":8,"column":23}},"8":{"start":{"line":9,"column":0},"end":{"line":9,"column":5}},"9":{"start":{"line":10,"column":0},"end":{"line":10,"column":1}}},"s":{"0":1,"1":1,"2":1,"3":1,"4":2,"5":2,"6":2,"7":2,"8":2,"9":1},"branchMap":{"0":{"type":"branch","line":4,"loc":{"start":{"line":4,"column":4},"end":{"line":9,"column":5}},"locations":[{"start":{"line":4,"column":4},"end":{"line":9,"column":5}}]}},"b":{"0":[2]},"fnMap":{"0":{"name":"CustomError","decl":{"start":{"line":4,"column":4},"end":{"line":9,"column":5}},"loc":{"start":{"line":4,"column":4},"end":{"line":9,"column":5}},"line":4}},"f":{"0":2}}
,"C:\\Users\\Alen_\\Documents\\Cursos\\Node\\07-RESTWeb\\src\\infrastructure\\datasources\\all.datasource.impl.ts": {"path":"C:\\Users\\Alen_\\Documents\\Cursos\\Node\\07-RESTWeb\\src\\infrastructure\\datasources\\all.datasource.impl.ts","all":false,"statementMap":{"0":{"start":{"line":1,"column":0},"end":{"line":1,"column":45}},"1":{"start":{"line":2,"column":0},"end":{"line":2,"column":97}},"2":{"start":{"line":3,"column":0},"end":{"line":3,"column":0}},"3":{"start":{"line":4,"column":0},"end":{"line":4,"column":57}},"4":{"start":{"line":5,"column":0},"end":{"line":5,"column":0}},"5":{"start":{"line":6,"column":0},"end":{"line":6,"column":66}},"6":{"start":{"line":7,"column":0},"end":{"line":7,"column":45}},"7":{"start":{"line":8,"column":0},"end":{"line":8,"column":32}},"8":{"start":{"line":9,"column":0},"end":{"line":9,"column":11}},"9":{"start":{"line":10,"column":0},"end":{"line":10,"column":0}},"10":{"start":{"line":11,"column":0},"end":{"line":11,"column":41}},"11":{"start":{"line":12,"column":0},"end":{"line":12,"column":5}},"12":{"start":{"line":13,"column":0},"end":{"line":13,"column":0}},"13":{"start":{"line":14,"column":0},"end":{"line":14,"column":42}},"14":{"start":{"line":15,"column":0},"end":{"line":15,"column":48}},"15":{"start":{"line":16,"column":0},"end":{"line":16,"column":57}},"16":{"start":{"line":17,"column":0},"end":{"line":17,"column":5}},"17":{"start":{"line":18,"column":0},"end":{"line":18,"column":0}},"18":{"start":{"line":19,"column":0},"end":{"line":19,"column":52}},"19":{"start":{"line":20,"column":0},"end":{"line":20,"column":51}},"20":{"start":{"line":21,"column":0},"end":{"line":21,"column":23}},"21":{"start":{"line":22,"column":0},"end":{"line":22,"column":11}},"22":{"start":{"line":23,"column":0},"end":{"line":23,"column":0}},"23":{"start":{"line":24,"column":0},"end":{"line":24,"column":78}},"24":{"start":{"line":25,"column":0},"end":{"line":25,"column":44}},"25":{"start":{"line":26,"column":0},"end":{"line":26,"column":5}},"26":{"start":{"line":27,"column":0},"end":{"line":27,"column":0}},"27":{"start":{"line":28,"column":0},"end":{"line":28,"column":70}},"28":{"start":{"line":29,"column":0},"end":{"line":29,"column":46}},"29":{"start":{"line":30,"column":0},"end":{"line":30,"column":0}},"30":{"start":{"line":31,"column":0},"end":{"line":31,"column":51}},"31":{"start":{"line":32,"column":0},"end":{"line":32,"column":41}},"32":{"start":{"line":33,"column":0},"end":{"line":33,"column":38}},"33":{"start":{"line":34,"column":0},"end":{"line":34,"column":11}},"34":{"start":{"line":35,"column":0},"end":{"line":35,"column":0}},"35":{"start":{"line":36,"column":0},"end":{"line":36,"column":47}},"36":{"start":{"line":37,"column":0},"end":{"line":37,"column":5}},"37":{"start":{"line":38,"column":0},"end":{"line":38,"column":0}},"38":{"start":{"line":39,"column":0},"end":{"line":39,"column":54}},"39":{"start":{"line":40,"column":0},"end":{"line":40,"column":32}},"40":{"start":{"line":41,"column":0},"end":{"line":41,"column":47}},"41":{"start":{"line":42,"column":0},"end":{"line":42,"column":0}},"42":{"start":{"line":43,"column":0},"end":{"line":43,"column":42}},"43":{"start":{"line":44,"column":0},"end":{"line":44,"column":5}},"44":{"start":{"line":45,"column":0},"end":{"line":45,"column":0}},"45":{"start":{"line":46,"column":0},"end":{"line":46,"column":1}}},"s":{"0":1,"1":1,"2":1,"3":1,"4":1,"5":1,"6":1,"7":1,"8":1,"9":1,"10":1,"11":1,"12":1,"13":1,"14":1,"15":1,"16":1,"17":1,"18":1,"19":6,"20":6,"21":6,"22":6,"23":6,"24":4,"25":4,"26":1,"27":1,"28":3,"29":2,"30":2,"31":2,"32":2,"33":2,"34":2,"35":2,"36":2,"37":1,"38":1,"39":1,"40":1,"41":1,"42":1,"43":1,"44":1,"45":1},"branchMap":{"0":{"type":"branch","line":6,"loc":{"start":{"line":6,"column":10},"end":{"line":12,"column":5}},"locations":[{"start":{"line":6,"column":10},"end":{"line":12,"column":5}}]},"1":{"type":"branch","line":14,"loc":{"start":{"line":14,"column":10},"end":{"line":17,"column":5}},"locations":[{"start":{"line":14,"column":10},"end":{"line":17,"column":5}}]},"2":{"type":"branch","line":16,"loc":{"start":{"line":16,"column":23},"end":{"line":16,"column":55}},"locations":[{"start":{"line":16,"column":23},"end":{"line":16,"column":55}}]},"3":{"type":"branch","line":19,"loc":{"start":{"line":19,"column":10},"end":{"line":26,"column":5}},"locations":[{"start":{"line":19,"column":10},"end":{"line":26,"column":5}}]},"4":{"type":"branch","line":24,"loc":{"start":{"line":24,"column":20},"end":{"line":24,"column":78}},"locations":[{"start":{"line":24,"column":20},"end":{"line":24,"column":78}}]},"5":{"type":"branch","line":25,"loc":{"start":{"line":25,"column":-2},"end":{"line":26,"column":5}},"locations":[{"start":{"line":25,"column":-2},"end":{"line":26,"column":5}}]},"6":{"type":"branch","line":28,"loc":{"start":{"line":28,"column":10},"end":{"line":37,"column":5}},"locations":[{"start":{"line":28,"column":10},"end":{"line":37,"column":5}}]},"7":{"type":"branch","line":30,"loc":{"start":{"line":30,"column":-2},"end":{"line":37,"column":5}},"locations":[{"start":{"line":30,"column":-2},"end":{"line":37,"column":5}}]},"8":{"type":"branch","line":39,"loc":{"start":{"line":39,"column":10},"end":{"line":44,"column":5}},"locations":[{"start":{"line":39,"column":10},"end":{"line":44,"column":5}}]}},"b":{"0":[1],"1":[1],"2":[2],"3":[6],"4":[2],"5":[4],"6":[3],"7":[2],"8":[1]},"fnMap":{"0":{"name":"create","decl":{"start":{"line":6,"column":10},"end":{"line":12,"column":5}},"loc":{"start":{"line":6,"column":10},"end":{"line":12,"column":5}},"line":6},"1":{"name":"getAll","decl":{"start":{"line":14,"column":10},"end":{"line":17,"column":5}},"loc":{"start":{"line":14,"column":10},"end":{"line":17,"column":5}},"line":14},"2":{"name":"findById","decl":{"start":{"line":19,"column":10},"end":{"line":26,"column":5}},"loc":{"start":{"line":19,"column":10},"end":{"line":26,"column":5}},"line":19},"3":{"name":"updateById","decl":{"start":{"line":28,"column":10},"end":{"line":37,"column":5}},"loc":{"start":{"line":28,"column":10},"end":{"line":37,"column":5}},"line":28},"4":{"name":"deleteById","decl":{"start":{"line":39,"column":10},"end":{"line":44,"column":5}},"loc":{"start":{"line":39,"column":10},"end":{"line":44,"column":5}},"line":39}},"f":{"0":1,"1":1,"2":6,"3":3,"4":1}}
,"C:\\Users\\Alen_\\Documents\\Cursos\\Node\\07-RESTWeb\\src\\presentation\\all\\controller.ts": {"path":"C:\\Users\\Alen_\\Documents\\Cursos\\Node\\07-RESTWeb\\src\\presentation\\all\\controller.ts","all":false,"statementMap":{"0":{"start":{"line":1,"column":0},"end":{"line":1,"column":44}},"1":{"start":{"line":2,"column":0},"end":{"line":2,"column":63}},"2":{"start":{"line":3,"column":0},"end":{"line":3,"column":108}},"3":{"start":{"line":4,"column":0},"end":{"line":4,"column":0}},"4":{"start":{"line":5,"column":0},"end":{"line":5,"column":28}},"5":{"start":{"line":6,"column":0},"end":{"line":6,"column":0}},"6":{"start":{"line":7,"column":0},"end":{"line":7,"column":30}},"7":{"start":{"line":8,"column":0},"end":{"line":8,"column":16}},"8":{"start":{"line":9,"column":0},"end":{"line":9,"column":50}},"9":{"start":{"line":10,"column":0},"end":{"line":10,"column":8}},"10":{"start":{"line":11,"column":0},"end":{"line":11,"column":0}},"11":{"start":{"line":12,"column":0},"end":{"line":12,"column":62}},"12":{"start":{"line":13,"column":0},"end":{"line":13,"column":42}},"13":{"start":{"line":14,"column":0},"end":{"line":14,"column":70}},"14":{"start":{"line":15,"column":0},"end":{"line":15,"column":19}},"15":{"start":{"line":16,"column":0},"end":{"line":16,"column":9}},"16":{"start":{"line":17,"column":0},"end":{"line":17,"column":0}},"17":{"start":{"line":18,"column":0},"end":{"line":18,"column":76}},"18":{"start":{"line":19,"column":0},"end":{"line":19,"column":5}},"19":{"start":{"line":20,"column":0},"end":{"line":20,"column":0}},"20":{"start":{"line":21,"column":0},"end":{"line":21,"column":52}},"21":{"start":{"line":22,"column":0},"end":{"line":22,"column":36}},"22":{"start":{"line":23,"column":0},"end":{"line":23,"column":22}},"23":{"start":{"line":24,"column":0},"end":{"line":24,"column":39}},"24":{"start":{"line":25,"column":0},"end":{"line":25,"column":58}},"25":{"start":{"line":26,"column":0},"end":{"line":26,"column":5}},"26":{"start":{"line":27,"column":0},"end":{"line":27,"column":0}},"27":{"start":{"line":28,"column":0},"end":{"line":28,"column":56}},"28":{"start":{"line":29,"column":0},"end":{"line":29,"column":34}},"29":{"start":{"line":30,"column":0},"end":{"line":30,"column":0}},"30":{"start":{"line":31,"column":0},"end":{"line":31,"column":35}},"31":{"start":{"line":32,"column":0},"end":{"line":32,"column":24}},"32":{"start":{"line":33,"column":0},"end":{"line":33,"column":39}},"33":{"start":{"line":34,"column":0},"end":{"line":34,"column":58}},"34":{"start":{"line":35,"column":0},"end":{"line":35,"column":5}},"35":{"start":{"line":36,"column":0},"end":{"line":36,"column":0}},"36":{"start":{"line":37,"column":0},"end":{"line":37,"column":55}},"37":{"start":{"line":38,"column":0},"end":{"line":38,"column":68}},"38":{"start":{"line":39,"column":0},"end":{"line":39,"column":56}},"39":{"start":{"line":40,"column":0},"end":{"line":40,"column":8}},"40":{"start":{"line":41,"column":0},"end":{"line":41,"column":38}},"41":{"start":{"line":42,"column":0},"end":{"line":42,"column":35}},"42":{"start":{"line":43,"column":0},"end":{"line":43,"column":51}},"43":{"start":{"line":44,"column":0},"end":{"line":44,"column":58}},"44":{"start":{"line":45,"column":0},"end":{"line":45,"column":5}},"45":{"start":{"line":46,"column":0},"end":{"line":46,"column":0}},"46":{"start":{"line":47,"column":0},"end":{"line":47,"column":55}},"47":{"start":{"line":48,"column":0},"end":{"line":48,"column":34}},"48":{"start":{"line":49,"column":0},"end":{"line":49,"column":77}},"49":{"start":{"line":50,"column":0},"end":{"line":50,"column":55}},"50":{"start":{"line":51,"column":0},"end":{"line":51,"column":0}},"51":{"start":{"line":52,"column":0},"end":{"line":52,"column":38}},"52":{"start":{"line":53,"column":0},"end":{"line":53,"column":35}},"53":{"start":{"line":54,"column":0},"end":{"line":54,"column":39}},"54":{"start":{"line":55,"column":0},"end":{"line":55,"column":58}},"55":{"start":{"line":56,"column":0},"end":{"line":56,"column":5}},"56":{"start":{"line":57,"column":0},"end":{"line":57,"column":0}},"57":{"start":{"line":58,"column":0},"end":{"line":58,"column":55}},"58":{"start":{"line":59,"column":0},"end":{"line":59,"column":34}},"59":{"start":{"line":60,"column":0},"end":{"line":60,"column":0}},"60":{"start":{"line":61,"column":0},"end":{"line":61,"column":38}},"61":{"start":{"line":62,"column":0},"end":{"line":62,"column":24}},"62":{"start":{"line":63,"column":0},"end":{"line":63,"column":39}},"63":{"start":{"line":64,"column":0},"end":{"line":64,"column":58}},"64":{"start":{"line":65,"column":0},"end":{"line":65,"column":5}},"65":{"start":{"line":66,"column":0},"end":{"line":66,"column":1}}},"s":{"0":1,"1":1,"2":1,"3":1,"4":1,"5":1,"6":1,"7":1,"8":2,"9":2,"10":1,"11":1,"12":3,"13":2,"14":2,"15":2,"16":1,"17":1,"18":1,"19":1,"20":1,"21":1,"22":1,"23":1,"24":1,"25":1,"26":1,"27":1,"28":2,"29":2,"30":2,"31":2,"32":2,"33":2,"34":2,"35":1,"36":1,"37":3,"38":3,"39":1,"40":1,"41":1,"42":1,"43":1,"44":1,"45":1,"46":1,"47":3,"48":3,"49":3,"50":3,"51":3,"52":3,"53":3,"54":3,"55":3,"56":1,"57":1,"58":1,"59":1,"60":1,"61":1,"62":1,"63":1,"64":1,"65":1},"branchMap":{"0":{"type":"branch","line":8,"loc":{"start":{"line":8,"column":4},"end":{"line":10,"column":8}},"locations":[{"start":{"line":8,"column":4},"end":{"line":10,"column":8}}]},"1":{"type":"branch","line":12,"loc":{"start":{"line":12,"column":26},"end":{"line":19,"column":5}},"locations":[{"start":{"line":12,"column":26},"end":{"line":19,"column":5}}]},"2":{"type":"branch","line":13,"loc":{"start":{"line":13,"column":41},"end":{"line":16,"column":9}},"locations":[{"start":{"line":13,"column":41},"end":{"line":16,"column":9}}]},"3":{"type":"branch","line":17,"loc":{"start":{"line":17,"column":-2},"end":{"line":19,"column":5}},"locations":[{"start":{"line":17,"column":-2},"end":{"line":19,"column":5}}]},"4":{"type":"branch","line":21,"loc":{"start":{"line":21,"column":20},"end":{"line":26,"column":5}},"locations":[{"start":{"line":21,"column":20},"end":{"line":26,"column":5}}]},"5":{"type":"branch","line":24,"loc":{"start":{"line":24,"column":18},"end":{"line":24,"column":38}},"locations":[{"start":{"line":24,"column":18},"end":{"line":24,"column":38}}]},"6":{"type":"branch","line":28,"loc":{"start":{"line":28,"column":24},"end":{"line":35,"column":5}},"locations":[{"start":{"line":28,"column":24},"end":{"line":35,"column":5}}]},"7":{"type":"branch","line":33,"loc":{"start":{"line":33,"column":18},"end":{"line":33,"column":38}},"locations":[{"start":{"line":33,"column":18},"end":{"line":33,"column":38}}]},"8":{"type":"branch","line":34,"loc":{"start":{"line":34,"column":19},"end":{"line":34,"column":56}},"locations":[{"start":{"line":34,"column":19},"end":{"line":34,"column":56}}]},"9":{"type":"branch","line":37,"loc":{"start":{"line":37,"column":23},"end":{"line":45,"column":5}},"locations":[{"start":{"line":37,"column":23},"end":{"line":45,"column":5}}]},"10":{"type":"branch","line":39,"loc":{"start":{"line":39,"column":18},"end":{"line":39,"column":56}},"locations":[{"start":{"line":39,"column":18},"end":{"line":39,"column":56}}]},"11":{"type":"branch","line":40,"loc":{"start":{"line":40,"column":-2},"end":{"line":45,"column":5}},"locations":[{"start":{"line":40,"column":-2},"end":{"line":45,"column":5}}]},"12":{"type":"branch","line":43,"loc":{"start":{"line":43,"column":18},"end":{"line":43,"column":50}},"locations":[{"start":{"line":43,"column":18},"end":{"line":43,"column":50}}]},"13":{"type":"branch","line":47,"loc":{"start":{"line":47,"column":23},"end":{"line":56,"column":5}},"locations":[{"start":{"line":47,"column":23},"end":{"line":56,"column":5}}]},"14":{"type":"branch","line":50,"loc":{"start":{"line":50,"column":18},"end":{"line":50,"column":55}},"locations":[{"start":{"line":50,"column":18},"end":{"line":50,"column":55}}]},"15":{"type":"branch","line":54,"loc":{"start":{"line":54,"column":18},"end":{"line":54,"column":38}},"locations":[{"start":{"line":54,"column":18},"end":{"line":54,"column":38}}]},"16":{"type":"branch","line":55,"loc":{"start":{"line":55,"column":19},"end":{"line":55,"column":56}},"locations":[{"start":{"line":55,"column":19},"end":{"line":55,"column":56}}]},"17":{"type":"branch","line":58,"loc":{"start":{"line":58,"column":23},"end":{"line":65,"column":5}},"locations":[{"start":{"line":58,"column":23},"end":{"line":65,"column":5}}]},"18":{"type":"branch","line":64,"loc":{"start":{"line":64,"column":19},"end":{"line":64,"column":56}},"locations":[{"start":{"line":64,"column":19},"end":{"line":64,"column":56}}]}},"b":{"0":[2],"1":[3],"2":[2],"3":[1],"4":[1],"5":[1],"6":[2],"7":[1],"8":[1],"9":[3],"10":[2],"11":[1],"12":[1],"13":[3],"14":[0],"15":[2],"16":[1],"17":[1],"18":[1]},"fnMap":{"0":{"name":"AllController","decl":{"start":{"line":8,"column":4},"end":{"line":10,"column":8}},"loc":{"start":{"line":8,"column":4},"end":{"line":10,"column":8}},"line":8},"1":{"name":"AllController.handleError","decl":{"start":{"line":12,"column":26},"end":{"line":19,"column":5}},"loc":{"start":{"line":12,"column":26},"end":{"line":19,"column":5}},"line":12},"2":{"name":"AllController.getAll","decl":{"start":{"line":21,"column":20},"end":{"line":26,"column":5}},"loc":{"start":{"line":21,"column":20},"end":{"line":26,"column":5}},"line":21},"3":{"name":"AllController.getAllById","decl":{"start":{"line":28,"column":24},"end":{"line":35,"column":5}},"loc":{"start":{"line":28,"column":24},"end":{"line":35,"column":5}},"line":28},"4":{"name":"AllController.createAll","decl":{"start":{"line":37,"column":23},"end":{"line":45,"column":5}},"loc":{"start":{"line":37,"column":23},"end":{"line":45,"column":5}},"line":37},"5":{"name":"AllController.updateAll","decl":{"start":{"line":47,"column":23},"end":{"line":56,"column":5}},"loc":{"start":{"line":47,"column":23},"end":{"line":56,"column":5}},"line":47},"6":{"name":"AllController.deleteAll","decl":{"start":{"line":58,"column":23},"end":{"line":65,"column":5}},"loc":{"start":{"line":58,"column":23},"end":{"line":65,"column":5}},"line":58}},"f":{"0":2,"1":3,"2":1,"3":2,"4":3,"5":3,"6":1}}
,"C:\\Users\\Alen_\\Documents\\Cursos\\Node\\07-RESTWeb\\test\\test-server.ts": {"path":"C:\\Users\\Alen_\\Documents\\Cursos\\Node\\07-RESTWeb\\test\\test-server.ts","all":false,"statementMap":{"0":{"start":{"line":1,"column":0},"end":{"line":1,"column":42}},"1":{"start":{"line":2,"column":0},"end":{"line":2,"column":55}},"2":{"start":{"line":3,"column":0},"end":{"line":3,"column":52}},"3":{"start":{"line":4,"column":0},"end":{"line":4,"column":0}},"4":{"start":{"line":5,"column":0},"end":{"line":5,"column":38}},"5":{"start":{"line":6,"column":0},"end":{"line":6,"column":20}},"6":{"start":{"line":7,"column":0},"end":{"line":7,"column":30}},"7":{"start":{"line":8,"column":0},"end":{"line":8,"column":3}}},"s":{"0":1,"1":1,"2":1,"3":1,"4":1,"5":1,"6":1,"7":1},"branchMap":{},"b":{},"fnMap":{},"f":{}}
}
