TN:
SF:src\data\postgres\index.ts
FNF:0
FNH:0
DA:1,1
DA:2,1
DA:3,1
LF:3
LH:3
BRF:0
BRH:0
end_of_record
TN:
SF:src\domain\index.ts
FNF:0
FNH:0
DA:1,1
DA:2,1
DA:3,1
DA:4,1
DA:5,1
DA:6,1
LF:6
LH:6
BRF:0
BRH:0
end_of_record
TN:
SF:src\domain\dtos\all\create-all.dto.ts
FN:4,CreateAllDto
FN:8,create
FNF:2
FNH:2
FNDA:1,CreateAllDto
FNDA:3,create
DA:1,1
DA:2,1
DA:3,1
DA:4,1
DA:5,1
DA:6,1
DA:7,1
DA:8,1
DA:9,3
DA:10,3
DA:11,3
DA:12,3
DA:13,1
DA:14,1
DA:15,1
DA:16,1
LF:16
LH:16
BRDA:4,0,0,1
BRDA:8,1,0,3
BRDA:12,2,0,1
BRDA:12,3,0,2
BRDA:13,4,0,1
BRF:5
BRH:5
end_of_record
TN:
SF:src\domain\errors\custom.error.ts
FN:4,CustomError
FNF:1
FNH:1
FNDA:2,CustomError
DA:1,1
DA:2,1
DA:3,1
DA:4,1
DA:5,2
DA:6,2
DA:7,2
DA:8,2
DA:9,2
DA:10,1
LF:10
LH:10
BRDA:4,0,0,2
BRF:1
BRH:1
end_of_record
TN:
SF:src\infrastructure\datasources\all.datasource.impl.ts
FN:6,create
FN:14,getAll
FN:19,findById
FN:28,updateById
FN:39,deleteById
FNF:5
FNH:5
FNDA:1,create
FNDA:1,getAll
FNDA:6,findById
FNDA:3,updateById
FNDA:1,deleteById
DA:1,1
DA:2,1
DA:3,1
DA:4,1
DA:5,1
DA:6,1
DA:7,1
DA:8,1
DA:9,1
DA:10,1
DA:11,1
DA:12,1
DA:13,1
DA:14,1
DA:15,1
DA:16,1
DA:17,1
DA:18,1
DA:19,1
DA:20,6
DA:21,6
DA:22,6
DA:23,6
DA:24,6
DA:25,4
DA:26,4
DA:27,1
DA:28,1
DA:29,3
DA:30,2
DA:31,2
DA:32,2
DA:33,2
DA:34,2
DA:35,2
DA:36,2
DA:37,2
DA:38,1
DA:39,1
DA:40,1
DA:41,1
DA:42,1
DA:43,1
DA:44,1
DA:45,1
DA:46,1
LF:46
LH:46
BRDA:6,0,0,1
BRDA:14,1,0,1
BRDA:16,2,0,2
BRDA:19,3,0,6
BRDA:24,4,0,2
BRDA:25,5,0,4
BRDA:28,6,0,3
BRDA:30,7,0,2
BRDA:39,8,0,1
BRF:9
BRH:9
end_of_record
TN:
SF:src\presentation\all\controller.ts
FN:8,AllController
FN:12,AllController.handleError
FN:21,AllController.getAll
FN:28,AllController.getAllById
FN:37,AllController.createAll
FN:47,AllController.updateAll
FN:58,AllController.deleteAll
FNF:7
FNH:7
FNDA:2,AllController
FNDA:3,AllController.handleError
FNDA:1,AllController.getAll
FNDA:2,AllController.getAllById
FNDA:3,AllController.createAll
FNDA:3,AllController.updateAll
FNDA:1,AllController.deleteAll
DA:1,1
DA:2,1
DA:3,1
DA:4,1
DA:5,1
DA:6,1
DA:7,1
DA:8,1
DA:9,2
DA:10,2
DA:11,1
DA:12,1
DA:13,3
DA:14,2
DA:15,2
DA:16,2
DA:17,1
DA:18,1
DA:19,1
DA:20,1
DA:21,1
DA:22,1
DA:23,1
DA:24,1
DA:25,1
DA:26,1
DA:27,1
DA:28,1
DA:29,2
DA:30,2
DA:31,2
DA:32,2
DA:33,2
DA:34,2
DA:35,2
DA:36,1
DA:37,1
DA:38,3
DA:39,3
DA:40,1
DA:41,1
DA:42,1
DA:43,1
DA:44,1
DA:45,1
DA:46,1
DA:47,1
DA:48,3
DA:49,3
DA:50,3
DA:51,3
DA:52,3
DA:53,3
DA:54,3
DA:55,3
DA:56,3
DA:57,1
DA:58,1
DA:59,1
DA:60,1
DA:61,1
DA:62,1
DA:63,1
DA:64,1
DA:65,1
DA:66,1
LF:66
LH:66
BRDA:8,0,0,2
BRDA:12,1,0,3
BRDA:13,2,0,2
BRDA:17,3,0,1
BRDA:21,4,0,1
BRDA:24,5,0,1
BRDA:28,6,0,2
BRDA:33,7,0,1
BRDA:34,8,0,1
BRDA:37,9,0,3
BRDA:39,10,0,2
BRDA:40,11,0,1
BRDA:43,12,0,1
BRDA:47,13,0,3
BRDA:50,14,0,0
BRDA:54,15,0,2
BRDA:55,16,0,1
BRDA:58,17,0,1
BRDA:64,18,0,1
BRF:19
BRH:18
end_of_record
TN:
SF:test\test-server.ts
FNF:0
FNH:0
DA:1,1
DA:2,1
DA:3,1
DA:4,1
DA:5,1
DA:6,1
DA:7,1
DA:8,1
LF:8
LH:8
BRF:0
BRH:0
end_of_record
